# JRE version: OpenJDK Runtime Environment (8.0_242-b01) (build 1.8.0_242-release-1644-b01)
# Java VM: OpenJDK 64-Bit Server VM (25.242-b01 mixed mode windows-amd64 compressed oops)
Heap:
 PSYoungGen      total 87552K, used 35351K [0x00000000f5580000, 0x00000000fb900000, 0x0000000100000000)
  eden space 76288K, 32% used [0x00000000f5580000,0x00000000f6d8efc8,0x00000000fa000000)
  from space 11264K, 95% used [0x00000000fae00000,0x00000000fb876e18,0x00000000fb900000)
  to   space 12800K, 0% used [0x00000000fa000000,0x00000000fa000000,0x00000000fac80000)
 ParOldGen       total 175104K, used 7014K [0x00000000e0000000, 0x00000000eab00000, 0x00000000f5580000)
  object space 175104K, 4% used [0x00000000e0000000,0x00000000e06d9a48,0x00000000eab00000)
 Metaspace       used 33641K, capacity 34832K, committed 34944K, reserved 1079296K
  class space    used 4613K, capacity 4927K, committed 4992K, reserved 1048576K
GC Heap History (10 events):
Event: 13.181 GC heap before
{Heap before GC invocations=3 (full 0):
 PSYoungGen      total 76288K, used 75108K [0x00000000f5580000, 0x00000000faa80000, 0x0000000100000000)
  eden space 65536K, 100% used [0x00000000f5580000,0x00000000f9580000,0x00000000f9580000)
  from space 10752K, 89% used [0x00000000fa000000,0x00000000fa959308,0x00000000faa80000)
  to   space 10752K, 0% used [0x00000000f9580000,0x00000000f9580000,0x00000000fa000000)
 ParOldGen       total 175104K, used 24K [0x00000000e0000000, 0x00000000eab00000, 0x00000000f5580000)
  object space 175104K, 0% used [0x00000000e0000000,0x00000000e0006000,0x00000000eab00000)
 Metaspace       used 20032K, capacity 20628K, committed 20992K, reserved 1067008K
  class space    used 2781K, capacity 2958K, committed 3072K, reserved 1048576K
Event: 13.219 GC heap after
Heap after GC invocations=3 (full 0):
 PSYoungGen      total 76288K, used 10733K [0x00000000f5580000, 0x00000000faa80000, 0x0000000100000000)
  eden space 65536K, 0% used [0x00000000f5580000,0x00000000f5580000,0x00000000f9580000)
  from space 10752K, 99% used [0x00000000f9580000,0x00000000f9ffb728,0x00000000fa000000)
  to   space 10752K, 0% used [0x00000000fa000000,0x00000000fa000000,0x00000000faa80000)
 ParOldGen       total 175104K, used 737K [0x00000000e0000000, 0x00000000eab00000, 0x00000000f5580000)
  object space 175104K, 0% used [0x00000000e0000000,0x00000000e00b8470,0x00000000eab00000)
 Metaspace       used 20032K, capacity 20628K, committed 20992K, reserved 1067008K
  class space    used 2781K, capacity 2958K, committed 3072K, reserved 1048576K
}
Event: 14.352 GC heap before
{Heap before GC invocations=4 (full 0):
 PSYoungGen      total 76288K, used 19951K [0x00000000f5580000, 0x00000000faa80000, 0x0000000100000000)
  eden space 65536K, 14% used [0x00000000f5580000,0x00000000f5e806d8,0x00000000f9580000)
  from space 10752K, 99% used [0x00000000f9580000,0x00000000f9ffb728,0x00000000fa000000)
  to   space 10752K, 0% used [0x00000000fa000000,0x00000000fa000000,0x00000000faa80000)
 ParOldGen       total 175104K, used 737K [0x00000000e0000000, 0x00000000eab00000, 0x00000000f5580000)
  object space 175104K, 0% used [0x00000000e0000000,0x00000000e00b8470,0x00000000eab00000)
 Metaspace       used 20542K, capacity 21140K, committed 21248K, reserved 1067008K
  class space    used 2863K, capacity 3022K, committed 3072K, reserved 1048576K
Event: 14.401 GC heap after
Heap after GC invocations=4 (full 0):
 PSYoungGen      total 76288K, used 7128K [0x00000000f5580000, 0x00000000fea80000, 0x0000000100000000)
  eden space 65536K, 0% used [0x00000000f5580000,0x00000000f5580000,0x00000000f9580000)
  from space 10752K, 66% used [0x00000000fa000000,0x00000000fa6f6010,0x00000000faa80000)
  to   space 10752K, 0% used [0x00000000f9580000,0x00000000f9580000,0x00000000fa000000)
 ParOldGen       total 175104K, used 745K [0x00000000e0000000, 0x00000000eab00000, 0x00000000f5580000)
  object space 175104K, 0% used [0x00000000e0000000,0x00000000e00ba470,0x00000000eab00000)
 Metaspace       used 20542K, capacity 21140K, committed 21248K, reserved 1067008K
  class space    used 2863K, capacity 3022K, committed 3072K, reserved 1048576K
}
Event: 14.401 GC heap before
{Heap before GC invocations=5 (full 1):
 PSYoungGen      total 76288K, used 7128K [0x00000000f5580000, 0x00000000fea80000, 0x0000000100000000)
  eden space 65536K, 0% used [0x00000000f5580000,0x00000000f5580000,0x00000000f9580000)
  from space 10752K, 66% used [0x00000000fa000000,0x00000000fa6f6010,0x00000000faa80000)
  to   space 10752K, 0% used [0x00000000f9580000,0x00000000f9580000,0x00000000fa000000)
 ParOldGen       total 175104K, used 745K [0x00000000e0000000, 0x00000000eab00000, 0x00000000f5580000)
  object space 175104K, 0% used [0x00000000e0000000,0x00000000e00ba470,0x00000000eab00000)
 Metaspace       used 20542K, capacity 21140K, committed 21248K, reserved 1067008K
  class space    used 2863K, capacity 3022K, committed 3072K, reserved 1048576K
Event: 15.097 GC heap after
Heap after GC invocations=5 (full 1):
 PSYoungGen      total 76288K, used 0K [0x00000000f5580000, 0x00000000fea80000, 0x0000000100000000)
  eden space 65536K, 0% used [0x00000000f5580000,0x00000000f5580000,0x00000000f9580000)
  from space 10752K, 0% used [0x00000000fa000000,0x00000000fa000000,0x00000000faa80000)
  to   space 10752K, 0% used [0x00000000f9580000,0x00000000f9580000,0x00000000fa000000)
 ParOldGen       total 175104K, used 6998K [0x00000000e0000000, 0x00000000eab00000, 0x00000000f5580000)
  object space 175104K, 3% used [0x00000000e0000000,0x00000000e06d5a48,0x00000000eab00000)
 Metaspace       used 20542K, capacity 21140K, committed 21248K, reserved 1067008K
  class space    used 2863K, capacity 3022K, committed 3072K, reserved 1048576K
}
Event: 32.615 GC heap before
{Heap before GC invocations=6 (full 1):
 PSYoungGen      total 76288K, used 65536K [0x00000000f5580000, 0x00000000fea80000, 0x0000000100000000)
  eden space 65536K, 100% used [0x00000000f5580000,0x00000000f9580000,0x00000000f9580000)
  from space 10752K, 0% used [0x00000000fa000000,0x00000000fa000000,0x00000000faa80000)
  to   space 10752K, 0% used [0x00000000f9580000,0x00000000f9580000,0x00000000fa000000)
 ParOldGen       total 175104K, used 6998K [0x00000000e0000000, 0x00000000eab00000, 0x00000000f5580000)
  object space 175104K, 3% used [0x00000000e0000000,0x00000000e06d5a48,0x00000000eab00000)
 Metaspace       used 28674K, capacity 29492K, committed 29568K, reserved 1075200K
  class space    used 3953K, capacity 4175K, committed 4224K, reserved 1048576K
Event: 32.710 GC heap after
Heap after GC invocations=6 (full 1):
 PSYoungGen      total 76288K, used 8589K [0x00000000f5580000, 0x00000000fba00000, 0x0000000100000000)
  eden space 65536K, 0% used [0x00000000f5580000,0x00000000f5580000,0x00000000f9580000)
  from space 10752K, 79% used [0x00000000f9580000,0x00000000f9de3528,0x00000000fa000000)
  to   space 12288K, 0% used [0x00000000fae00000,0x00000000fae00000,0x00000000fba00000)
 ParOldGen       total 175104K, used 7006K [0x00000000e0000000, 0x00000000eab00000, 0x00000000f5580000)
  object space 175104K, 4% used [0x00000000e0000000,0x00000000e06d7a48,0x00000000eab00000)
 Metaspace       used 28674K, capacity 29492K, committed 29568K, reserved 1075200K
  class space    used 3953K, capacity 4175K, committed 4224K, reserved 1048576K
}
Event: 114.945 GC heap before
{Heap before GC invocations=7 (full 1):
 PSYoungGen      total 76288K, used 74125K [0x00000000f5580000, 0x00000000fba00000, 0x0000000100000000)
  eden space 65536K, 100% used [0x00000000f5580000,0x00000000f9580000,0x00000000f9580000)
  from space 10752K, 79% used [0x00000000f9580000,0x00000000f9de3528,0x00000000fa000000)
  to   space 12288K, 0% used [0x00000000fae00000,0x00000000fae00000,0x00000000fba00000)
 ParOldGen       total 175104K, used 7006K [0x00000000e0000000, 0x00000000eab00000, 0x00000000f5580000)
  object space 175104K, 4% used [0x00000000e0000000,0x00000000e06d7a48,0x00000000eab00000)
 Metaspace       used 32954K, capacity 33964K, committed 34304K, reserved 1079296K
  class space    used 4491K, capacity 4749K, committed 4864K, reserved 1048576K
Event: 115.137 GC heap after
Heap after GC invocations=7 (full 1):
 PSYoungGen      total 87552K, used 10715K [0x00000000f5580000, 0x00000000fb900000, 0x0000000100000000)
  eden space 76288K, 0% used [0x00000000f5580000,0x00000000f5580000,0x00000000fa000000)
  from space 11264K, 95% used [0x00000000fae00000,0x00000000fb876e18,0x00000000fb900000)
  to   space 12800K, 0% used [0x00000000fa000000,0x00000000fa000000,0x00000000fac80000)
 ParOldGen       total 175104K, used 7014K [0x00000000e0000000, 0x00000000eab00000, 0x00000000f5580000)
  object space 175104K, 4% used [0x00000000e0000000,0x00000000e06d9a48,0x00000000eab00000)
 Metaspace       used 32954K, capacity 33964K, committed 34304K, reserved 1079296K
  class space    used 4491K, capacity 4749K, committed 4864K, reserved 1048576K
}

